<?xml version="1.0" encoding="UTF-8"?>
<!-- Generated by org.testng.reporters.JUnitReportReporter -->
<testsuite hostname="TYSS-Sumanth" failures="0" tests="1" name="testCaseSample.TC_SampleTestCase_Test" time="7.981" errors="0" timestamp="2023-10-08T19:48:25 IST" skipped="0">
  <testcase classname="testCaseSample.TC_SampleTestCase_Test" name="sample" time="7.981"/>
  <system-out/>
</testsuite> <!-- testCaseSample.TC_SampleTestCase_Test -->
